[0;32m[INFO][0m Tenancy OCID: ocid1.tenancy.oc1..aaaaaaaaf5wslqn4nsxchxsnwvevpzmqyc6g4nodqwe6nk5hvof7vbsqn55a
[0;32m[INFO][0m Home Region: sa-santiago-1
[0;32m[INFO][0m ====== Setting up IAM resources for autoscaling ======
[0;32m[INFO][0m Creating dynamic group: ci-autoscaling-functions-dg
[1;33m[CMD][0m [1;33moci iam dynamic-group list --compartment-id ocid1.tenancy.oc1..aaaaaaaaf5wslqn4nsxchxsnwvevpzmqyc6g4nodqwe6nk5hvof7vbsqn55a --name ci-autoscaling-functions-dg --region sa-santiago-1[0m
[1;33m[CMD][0m [1;33moci fn application list --compartment-id ocid1.compartment.oc1..aaaaaaaardxfsl2gkokoohlu6thudyx3v4q66adbsy32jdyklrdgqxr3p6mq --display-name ci-autoscaling-app[0m
{
  "data": [
    {
      "compartment-id": "ocid1.compartment.oc1..aaaaaaaardxfsl2gkokoohlu6thudyx3v4q66adbsy32jdyklrdgqxr3p6mq",
      "defined-tags": {
        "Oracle-Tags": {
          "CreatedBy": "default/denny.alquinta@oracle.com",
          "CreatedOn": "2025-12-01T22:19:11.681Z"
        }
      },
      "display-name": "ci-autoscaling-app",
      "freeform-tags": {},
      "id": "ocid1.fnapp.oc1.sa-santiago-1.amaaaaaazlnwdfqabypabxsv5ktg7br6ih5pwn4ffejwgtpfvkhbm7pfzsbq",
      "image-policy-config": null,
      "lifecycle-state": "ACTIVE",
      "network-security-group-ids": [],
      "security-attributes": {},
      "shape": "GENERIC_X86",
      "subnet-ids": [
        "ocid1.subnet.oc1.sa-santiago-1.aaaaaaaawe34sol2r7u4mz6odaxbefwmm4uw6fqay56dzzbzx4xmz6lexmua"
      ],
      "time-created": "2025-12-01T22:19:11.809000+00:00",
      "time-updated": "2025-12-01T22:19:11.809000+00:00",
      "trace-config": {
        "domain-id": "",
        "is-enabled": false
      }
    }
  ]
}
[0;32m[INFO][0m Functions Application OCID: ocid1.fnapp.oc1.sa-santiago-1.amaaaaaazlnwdfqabypabxsv5ktg7br6ih5pwn4ffejwgtpfvkhbm7pfzsbq
[1;33m[CMD][0m [1;33moci iam dynamic-group create --compartment-id ocid1.tenancy.oc1..aaaaaaaaf5wslqn4nsxchxsnwvevpzmqyc6g4nodqwe6nk5hvof7vbsqn55a --name ci-autoscaling-functions-dg --description "Dynamic group for CI Autoscaling Functions" --matching-rule "ALL {resource.type = 'fnfunc', resource.compartment.id = 'ocid1.compartment.oc1..aaaaaaaardxfsl2gkokoohlu6thudyx3v4q66adbsy32jdyklrdgqxr3p6mq'}" --region sa-santiago-1[0m
{
  "data": {
    "compartment-id": "ocid1.tenancy.oc1..aaaaaaaaf5wslqn4nsxchxsnwvevpzmqyc6g4nodqwe6nk5hvof7vbsqn55a",
    "defined-tags": {
      "Oracle-Tags": {
        "CreatedBy": "default/denny.alquinta@oracle.com",
        "CreatedOn": "2025-12-01T22:41:16.506Z"
      }
    },
    "description": "Dynamic group for CI Autoscaling Functions",
    "freeform-tags": {},
    "id": "ocid1.dynamicgroup.oc1..aaaaaaaa3gomhnuby4srxlulr2ha4mzea52pzemf4u2l73uum74ilx3jlptq",
    "inactive-status": null,
    "lifecycle-state": "ACTIVE",
    "matching-rule": "ALL {resource.type = 'fnfunc', resource.compartment.id = 'ocid1.compartment.oc1..aaaaaaaardxfsl2gkokoohlu6thudyx3v4q66adbsy32jdyklrdgqxr3p6mq'}",
    "name": "ci-autoscaling-functions-dg",
    "time-created": "2025-12-01T22:41:16.544000+00:00"
  },
  "etag": "00d3d89f2c2d4ce987043ba04ab39bf9"
}
[0;31m[ERROR][0m Failed to create dynamic group
